SUCCESS - Job 2 started. 
/home/ec2-user/environment/ICTPRG302Ass/Assessment/Backups already exists. 
/home/ec2-user/environment/ICTPRG302Ass/Assessment/Backups/2025-04-16 already exists. 

========================================================================================================================================================================================================

SUCCESS - /home/ec2-user/environment/ICTPRG302Class/examples/TestFile.txt does exist. 
SUCCESS - /home/ec2-user/environment/ICTPRG302Class/examples/TestFile.txt copied to /home/ec2-user/environment/ICTPRG302Ass/Assessment/Backups/2025-04-16. 

========================================================================================================================================================================================================

SUCCESS - /home/ec2-user/environment/ICTPRG302Class/textfiles does exist. 
SUCCESS - /home/ec2-user/environment/ICTPRG302Class/textfiles copied to /home/ec2-user/environment/ICTPRG302Ass/Assessment/Backups/2025-04-16. 

========================================================================================================================================================================================================

SUCCESS - /home/ec2-user/environment/ICTPRG302Ass/ICTPRG302_Python_features-Files.py does exist. 
SUCCESS - /home/ec2-user/environment/ICTPRG302Ass/ICTPRG302_Python_features-Files.py copied to /home/ec2-user/environment/ICTPRG302Ass/Assessment/Backups/2025-04-16. 

========================================================================================================================================================================================================

SUCCESS - /home/ec2-user/environment/ICTPRG302Ass/ICTPRG302_Python_feature-Date_time_stamp.py does exist. 
SUCCESS - /home/ec2-user/environment/ICTPRG302Ass/ICTPRG302_Python_feature-Date_time_stamp.py copied to /home/ec2-user/environment/ICTPRG302Ass/Assessment/Backups/2025-04-16. 

========================================================================================================================================================================================================

SUCCESS - /home/ec2-user/environment/ICTPRG302Ass/Assessment/backup.log does exist. 
SUCCESS - /home/ec2-user/environment/ICTPRG302Ass/Assessment/backup.log copied to /home/ec2-user/environment/ICTPRG302Ass/Assessment/Backups/2025-04-16. 

========================================================================================================================================================================================================

SUCCESS - /home/ec2-user/environment/mkkey.sh does exist. 
SUCCESS - /home/ec2-user/environment/mkkey.sh copied to /home/ec2-user/environment/ICTPRG302Ass/Assessment/Backups/2025-04-16. 

========================================================================================================================================================================================================

SUCCESS - /home/ec2-user/environment/ICTPRG302Ass/Assessment/backup.log does exist. 
